FrameworkServlet 'Chatbot': initialization started
Refreshing WebApplicationContext for namespace 'Chatbot-servlet': startup date [Sun Sep 14 13:07:31 CEST 2014]; root of context hierarchy
Loading XML bean definitions from ServletContext resource [/WEB-INF/Chatbot-servlet.xml]
JSR-330 'javax.inject.Inject' annotation found and supported for autowiring
Mapped URL path [/assets/**] onto handler 'org.springframework.web.servlet.resource.ResourceHttpRequestHandler#0'
Mapped "{[/],methods=[GET],params=[],headers=[],consumes=[],produces=[],custom=[]}" onto public org.springframework.web.servlet.ModelAndView com.academicprojects.controller.ChatController.student(org.springframework.ui.ModelMap) throws java.lang.Exception
Mapped "{[/],methods=[POST],params=[],headers=[],consumes=[],produces=[],custom=[]}" onto public java.lang.String com.academicprojects.controller.ChatController.addAnswer(com.academicprojects.model.answer.Answer,org.springframework.ui.ModelMap)
FrameworkServlet 'Chatbot': initialization completed in 2913 ms
Closing WebApplicationContext for namespace 'Chatbot-servlet': startup date [Sun Sep 14 13:07:31 CEST 2014]; root of context hierarchy
FrameworkServlet 'Chatbot': initialization started
Refreshing WebApplicationContext for namespace 'Chatbot-servlet': startup date [Sun Sep 14 13:17:25 CEST 2014]; root of context hierarchy
Loading XML bean definitions from ServletContext resource [/WEB-INF/Chatbot-servlet.xml]
JSR-330 'javax.inject.Inject' annotation found and supported for autowiring
Mapped URL path [/assets/**] onto handler 'org.springframework.web.servlet.resource.ResourceHttpRequestHandler#0'
Mapped "{[/],methods=[GET],params=[],headers=[],consumes=[],produces=[],custom=[]}" onto public org.springframework.web.servlet.ModelAndView com.academicprojects.controller.ChatController.student(org.springframework.ui.ModelMap) throws java.lang.Exception
Mapped "{[/],methods=[POST],params=[],headers=[],consumes=[],produces=[],custom=[]}" onto public java.lang.String com.academicprojects.controller.ChatController.addAnswer(com.academicprojects.model.answer.Answer,org.springframework.ui.ModelMap)
FrameworkServlet 'Chatbot': initialization completed in 2570 ms
Closing WebApplicationContext for namespace 'Chatbot-servlet': startup date [Sun Sep 14 13:17:25 CEST 2014]; root of context hierarchy
FrameworkServlet 'Chatbot': initialization started
Refreshing WebApplicationContext for namespace 'Chatbot-servlet': startup date [Sun Sep 14 13:28:28 CEST 2014]; root of context hierarchy
Loading XML bean definitions from ServletContext resource [/WEB-INF/Chatbot-servlet.xml]
JSR-330 'javax.inject.Inject' annotation found and supported for autowiring
Mapped URL path [/assets/**] onto handler 'org.springframework.web.servlet.resource.ResourceHttpRequestHandler#0'
Mapped "{[/],methods=[GET],params=[],headers=[],consumes=[],produces=[],custom=[]}" onto public org.springframework.web.servlet.ModelAndView com.academicprojects.controller.ChatController.student(org.springframework.ui.ModelMap) throws java.lang.Exception
Mapped "{[/],methods=[POST],params=[],headers=[],consumes=[],produces=[],custom=[]}" onto public java.lang.String com.academicprojects.controller.ChatController.addAnswer(com.academicprojects.model.answer.Answer,org.springframework.ui.ModelMap)
FrameworkServlet 'Chatbot': initialization completed in 2609 ms
Closing WebApplicationContext for namespace 'Chatbot-servlet': startup date [Sun Sep 14 13:28:28 CEST 2014]; root of context hierarchy
FrameworkServlet 'Chatbot': initialization started
Refreshing WebApplicationContext for namespace 'Chatbot-servlet': startup date [Sun Sep 14 13:33:58 CEST 2014]; root of context hierarchy
Loading XML bean definitions from ServletContext resource [/WEB-INF/Chatbot-servlet.xml]
JSR-330 'javax.inject.Inject' annotation found and supported for autowiring
Mapped URL path [/assets/**] onto handler 'org.springframework.web.servlet.resource.ResourceHttpRequestHandler#0'
Mapped "{[/],methods=[GET],params=[],headers=[],consumes=[],produces=[],custom=[]}" onto public org.springframework.web.servlet.ModelAndView com.academicprojects.controller.ChatController.student(org.springframework.ui.ModelMap) throws java.lang.Exception
Mapped "{[/],methods=[POST],params=[],headers=[],consumes=[],produces=[],custom=[]}" onto public java.lang.String com.academicprojects.controller.ChatController.addAnswer(com.academicprojects.model.answer.Answer,org.springframework.ui.ModelMap)
FrameworkServlet 'Chatbot': initialization completed in 2683 ms
Closing WebApplicationContext for namespace 'Chatbot-servlet': startup date [Sun Sep 14 13:33:58 CEST 2014]; root of context hierarchy
FrameworkServlet 'Chatbot': initialization started
Refreshing WebApplicationContext for namespace 'Chatbot-servlet': startup date [Sun Sep 14 13:39:26 CEST 2014]; root of context hierarchy
Loading XML bean definitions from ServletContext resource [/WEB-INF/Chatbot-servlet.xml]
JSR-330 'javax.inject.Inject' annotation found and supported for autowiring
Mapped URL path [/assets/**] onto handler 'org.springframework.web.servlet.resource.ResourceHttpRequestHandler#0'
Mapped "{[/],methods=[GET],params=[],headers=[],consumes=[],produces=[],custom=[]}" onto public org.springframework.web.servlet.ModelAndView com.academicprojects.controller.ChatController.student(org.springframework.ui.ModelMap) throws java.lang.Exception
Mapped "{[/],methods=[POST],params=[],headers=[],consumes=[],produces=[],custom=[]}" onto public java.lang.String com.academicprojects.controller.ChatController.addAnswer(com.academicprojects.model.answer.Answer,org.springframework.ui.ModelMap)
FrameworkServlet 'Chatbot': initialization completed in 3576 ms
Closing WebApplicationContext for namespace 'Chatbot-servlet': startup date [Sun Sep 14 13:39:26 CEST 2014]; root of context hierarchy
FrameworkServlet 'Chatbot': initialization started
Refreshing WebApplicationContext for namespace 'Chatbot-servlet': startup date [Sun Sep 14 13:45:43 CEST 2014]; root of context hierarchy
Loading XML bean definitions from ServletContext resource [/WEB-INF/Chatbot-servlet.xml]
JSR-330 'javax.inject.Inject' annotation found and supported for autowiring
Mapped URL path [/assets/**] onto handler 'org.springframework.web.servlet.resource.ResourceHttpRequestHandler#0'
Mapped "{[/],methods=[GET],params=[],headers=[],consumes=[],produces=[],custom=[]}" onto public org.springframework.web.servlet.ModelAndView com.academicprojects.controller.ChatController.student(org.springframework.ui.ModelMap) throws java.lang.Exception
Mapped "{[/],methods=[POST],params=[],headers=[],consumes=[],produces=[],custom=[]}" onto public java.lang.String com.academicprojects.controller.ChatController.addAnswer(com.academicprojects.model.answer.Answer,org.springframework.ui.ModelMap)
FrameworkServlet 'Chatbot': initialization completed in 3853 ms
Closing WebApplicationContext for namespace 'Chatbot-servlet': startup date [Sun Sep 14 13:45:43 CEST 2014]; root of context hierarchy
FrameworkServlet 'Chatbot': initialization started
Refreshing WebApplicationContext for namespace 'Chatbot-servlet': startup date [Sun Sep 14 13:49:31 CEST 2014]; root of context hierarchy
Loading XML bean definitions from ServletContext resource [/WEB-INF/Chatbot-servlet.xml]
JSR-330 'javax.inject.Inject' annotation found and supported for autowiring
Mapped URL path [/assets/**] onto handler 'org.springframework.web.servlet.resource.ResourceHttpRequestHandler#0'
Mapped "{[/],methods=[GET],params=[],headers=[],consumes=[],produces=[],custom=[]}" onto public org.springframework.web.servlet.ModelAndView com.academicprojects.controller.ChatController.student(org.springframework.ui.ModelMap) throws java.lang.Exception
Mapped "{[/],methods=[POST],params=[],headers=[],consumes=[],produces=[],custom=[]}" onto public java.lang.String com.academicprojects.controller.ChatController.addAnswer(com.academicprojects.model.answer.Answer,org.springframework.ui.ModelMap)
FrameworkServlet 'Chatbot': initialization completed in 5449 ms
Closing WebApplicationContext for namespace 'Chatbot-servlet': startup date [Sun Sep 14 13:49:31 CEST 2014]; root of context hierarchy
FrameworkServlet 'Chatbot': initialization started
Refreshing WebApplicationContext for namespace 'Chatbot-servlet': startup date [Sun Sep 14 13:52:44 CEST 2014]; root of context hierarchy
Loading XML bean definitions from ServletContext resource [/WEB-INF/Chatbot-servlet.xml]
JSR-330 'javax.inject.Inject' annotation found and supported for autowiring
Mapped URL path [/assets/**] onto handler 'org.springframework.web.servlet.resource.ResourceHttpRequestHandler#0'
Mapped "{[/],methods=[GET],params=[],headers=[],consumes=[],produces=[],custom=[]}" onto public org.springframework.web.servlet.ModelAndView com.academicprojects.controller.ChatController.student(org.springframework.ui.ModelMap) throws java.lang.Exception
Mapped "{[/],methods=[POST],params=[],headers=[],consumes=[],produces=[],custom=[]}" onto public java.lang.String com.academicprojects.controller.ChatController.addAnswer(com.academicprojects.model.answer.Answer,org.springframework.ui.ModelMap)
FrameworkServlet 'Chatbot': initialization completed in 2905 ms
Closing WebApplicationContext for namespace 'Chatbot-servlet': startup date [Sun Sep 14 13:52:44 CEST 2014]; root of context hierarchy
FrameworkServlet 'Chatbot': initialization started
Refreshing WebApplicationContext for namespace 'Chatbot-servlet': startup date [Sun Sep 14 14:02:19 CEST 2014]; root of context hierarchy
Loading XML bean definitions from ServletContext resource [/WEB-INF/Chatbot-servlet.xml]
JSR-330 'javax.inject.Inject' annotation found and supported for autowiring
Mapped URL path [/assets/**] onto handler 'org.springframework.web.servlet.resource.ResourceHttpRequestHandler#0'
Mapped "{[/],methods=[GET],params=[],headers=[],consumes=[],produces=[],custom=[]}" onto public org.springframework.web.servlet.ModelAndView com.academicprojects.controller.ChatController.student(org.springframework.ui.ModelMap) throws java.lang.Exception
Mapped "{[/],methods=[POST],params=[],headers=[],consumes=[],produces=[],custom=[]}" onto public java.lang.String com.academicprojects.controller.ChatController.addAnswer(com.academicprojects.model.answer.Answer,org.springframework.ui.ModelMap)
FrameworkServlet 'Chatbot': initialization completed in 2676 ms
Closing WebApplicationContext for namespace 'Chatbot-servlet': startup date [Sun Sep 14 14:02:19 CEST 2014]; root of context hierarchy
FrameworkServlet 'Chatbot': initialization started
Refreshing WebApplicationContext for namespace 'Chatbot-servlet': startup date [Sun Sep 14 14:03:39 CEST 2014]; root of context hierarchy
Loading XML bean definitions from ServletContext resource [/WEB-INF/Chatbot-servlet.xml]
JSR-330 'javax.inject.Inject' annotation found and supported for autowiring
Mapped URL path [/assets/**] onto handler 'org.springframework.web.servlet.resource.ResourceHttpRequestHandler#0'
Mapped "{[/],methods=[GET],params=[],headers=[],consumes=[],produces=[],custom=[]}" onto public org.springframework.web.servlet.ModelAndView com.academicprojects.controller.ChatController.student(org.springframework.ui.ModelMap) throws java.lang.Exception
Mapped "{[/],methods=[POST],params=[],headers=[],consumes=[],produces=[],custom=[]}" onto public java.lang.String com.academicprojects.controller.ChatController.addAnswer(com.academicprojects.model.answer.Answer,org.springframework.ui.ModelMap)
FrameworkServlet 'Chatbot': initialization completed in 2785 ms
Closing WebApplicationContext for namespace 'Chatbot-servlet': startup date [Sun Sep 14 14:03:39 CEST 2014]; root of context hierarchy
FrameworkServlet 'Chatbot': initialization started
Refreshing WebApplicationContext for namespace 'Chatbot-servlet': startup date [Sun Sep 14 17:25:24 CEST 2014]; root of context hierarchy
Loading XML bean definitions from ServletContext resource [/WEB-INF/Chatbot-servlet.xml]
JSR-330 'javax.inject.Inject' annotation found and supported for autowiring
Mapped URL path [/assets/**] onto handler 'org.springframework.web.servlet.resource.ResourceHttpRequestHandler#0'
Mapped "{[/],methods=[GET],params=[],headers=[],consumes=[],produces=[],custom=[]}" onto public org.springframework.web.servlet.ModelAndView com.academicprojects.controller.ChatController.student(org.springframework.ui.ModelMap) throws java.lang.Exception
Mapped "{[/],methods=[POST],params=[],headers=[],consumes=[],produces=[],custom=[]}" onto public java.lang.String com.academicprojects.controller.ChatController.addAnswer(com.academicprojects.model.answer.Answer,org.springframework.ui.ModelMap)
FrameworkServlet 'Chatbot': initialization completed in 3612 ms
Closing WebApplicationContext for namespace 'Chatbot-servlet': startup date [Sun Sep 14 17:25:24 CEST 2014]; root of context hierarchy
FrameworkServlet 'Chatbot': initialization started
Refreshing WebApplicationContext for namespace 'Chatbot-servlet': startup date [Sun Sep 14 17:47:34 CEST 2014]; root of context hierarchy
Loading XML bean definitions from ServletContext resource [/WEB-INF/Chatbot-servlet.xml]
JSR-330 'javax.inject.Inject' annotation found and supported for autowiring
Mapped URL path [/assets/**] onto handler 'org.springframework.web.servlet.resource.ResourceHttpRequestHandler#0'
Mapped "{[/],methods=[GET],params=[],headers=[],consumes=[],produces=[],custom=[]}" onto public org.springframework.web.servlet.ModelAndView com.academicprojects.controller.ChatController.student(org.springframework.ui.ModelMap) throws java.lang.Exception
Mapped "{[/],methods=[POST],params=[],headers=[],consumes=[],produces=[],custom=[]}" onto public java.lang.String com.academicprojects.controller.ChatController.addAnswer(com.academicprojects.model.answer.Answer,org.springframework.ui.ModelMap)
FrameworkServlet 'Chatbot': initialization completed in 2571 ms
Closing WebApplicationContext for namespace 'Chatbot-servlet': startup date [Sun Sep 14 17:47:34 CEST 2014]; root of context hierarchy
FrameworkServlet 'Chatbot': initialization started
Refreshing WebApplicationContext for namespace 'Chatbot-servlet': startup date [Sun Sep 14 19:28:20 CEST 2014]; root of context hierarchy
Loading XML bean definitions from ServletContext resource [/WEB-INF/Chatbot-servlet.xml]
JSR-330 'javax.inject.Inject' annotation found and supported for autowiring
Mapped URL path [/assets/**] onto handler 'org.springframework.web.servlet.resource.ResourceHttpRequestHandler#0'
Mapped "{[/],methods=[GET],params=[],headers=[],consumes=[],produces=[],custom=[]}" onto public org.springframework.web.servlet.ModelAndView com.academicprojects.controller.ChatController.student(org.springframework.ui.ModelMap) throws java.lang.Exception
Mapped "{[/],methods=[POST],params=[],headers=[],consumes=[],produces=[],custom=[]}" onto public java.lang.String com.academicprojects.controller.ChatController.addAnswer(com.academicprojects.model.answer.Answer,org.springframework.ui.ModelMap)
FrameworkServlet 'Chatbot': initialization completed in 2764 ms
Closing WebApplicationContext for namespace 'Chatbot-servlet': startup date [Sun Sep 14 19:28:20 CEST 2014]; root of context hierarchy
FrameworkServlet 'Chatbot': initialization started
Refreshing WebApplicationContext for namespace 'Chatbot-servlet': startup date [Sun Sep 14 19:36:49 CEST 2014]; root of context hierarchy
Loading XML bean definitions from ServletContext resource [/WEB-INF/Chatbot-servlet.xml]
JSR-330 'javax.inject.Inject' annotation found and supported for autowiring
Mapped URL path [/assets/**] onto handler 'org.springframework.web.servlet.resource.ResourceHttpRequestHandler#0'
Mapped "{[/],methods=[GET],params=[],headers=[],consumes=[],produces=[],custom=[]}" onto public org.springframework.web.servlet.ModelAndView com.academicprojects.controller.ChatController.student(org.springframework.ui.ModelMap) throws java.lang.Exception
Mapped "{[/],methods=[POST],params=[],headers=[],consumes=[],produces=[],custom=[]}" onto public java.lang.String com.academicprojects.controller.ChatController.addAnswer(com.academicprojects.model.answer.Answer,org.springframework.ui.ModelMap)
FrameworkServlet 'Chatbot': initialization completed in 2628 ms
Closing WebApplicationContext for namespace 'Chatbot-servlet': startup date [Sun Sep 14 19:36:49 CEST 2014]; root of context hierarchy
